<?xml version="1.0" encoding="UTF-8"?>
<testng-results ignored="0" total="1" passed="1" failed="0" skipped="0">
  <reporter-output>
  </reporter-output>
  <suite started-at="2023-12-26T16:17:02 IST" name="Suite" finished-at="2023-12-26T16:17:33 IST" duration-ms="31344">
    <groups>
      <group name="cucumber">
        <method signature="AbstractTestNGCucumberTests.runScenario(io.cucumber.testng.PickleWrapper,io.cucumber.testng.FeatureWrapper)[pri:0, instance:stepdefination.RunnersClass@5afa3c9]" name="runScenario" class="io.cucumber.testng.AbstractTestNGCucumberTests"/>
      </group> <!-- cucumber -->
    </groups>
    <test started-at="2023-12-26T16:17:02 IST" name="Test" finished-at="2023-12-26T16:17:33 IST" duration-ms="31344">
      <class name="stepdefination.RunnersClass">
        <test-method is-config="true" signature="setUpClass()[pri:0, instance:stepdefination.RunnersClass@5afa3c9]" started-at="2023-12-26T16:17:02 IST" name="setUpClass" finished-at="2023-12-26T16:17:03 IST" duration-ms="922" status="PASS">
          <reporter-output>
          </reporter-output>
        </test-method> <!-- setUpClass -->
        <test-method signature="runScenario(io.cucumber.testng.PickleWrapper,io.cucumber.testng.FeatureWrapper)[pri:0, instance:stepdefination.RunnersClass@5afa3c9]" started-at="2023-12-26T16:17:03 IST" name="runScenario" description="Runs Cucumber Scenarios" data-provider="scenarios" finished-at="2023-12-26T16:17:31 IST" duration-ms="28411" status="PASS">
          <params>
            <param index="0">
              <value>
                <![CDATA["click on filter functionallity"]]>
              </value>
            </param>
            <param index="1">
              <value>
                <![CDATA["Optional[log in to rahulshetty page]"]]>
              </value>
            </param>
          </params>
          <reporter-output>
          </reporter-output>
        </test-method> <!-- runScenario -->
        <test-method is-config="true" signature="tearDownClass()[pri:0, instance:stepdefination.RunnersClass@5afa3c9]" started-at="2023-12-26T16:17:31 IST" name="tearDownClass" finished-at="2023-12-26T16:17:33 IST" duration-ms="1907" status="PASS">
          <reporter-output>
          </reporter-output>
        </test-method> <!-- tearDownClass -->
      </class> <!-- stepdefination.RunnersClass -->
    </test> <!-- Test -->
  </suite> <!-- Suite -->
</testng-results>
