<?xml version="1.0" encoding="UTF-8"?>
<testng-results ignored="0" total="1" passed="0" failed="1" skipped="0">
  <reporter-output>
  </reporter-output>
  <suite started-at="2024-01-02T16:54:44 IST" name="Default suite" finished-at="2024-01-02T16:55:00 IST" duration-ms="16220">
    <groups>
      <group name="cucumber">
        <method signature="AbstractTestNGCucumberTests.runScenario(io.cucumber.testng.PickleWrapper,io.cucumber.testng.FeatureWrapper)[pri:0, instance:stepdefination.ScenarioOutlineCredentialRunner@5afa3c9]" name="runScenario" class="io.cucumber.testng.AbstractTestNGCucumberTests"/>
      </group> <!-- cucumber -->
    </groups>
    <test started-at="2024-01-02T16:54:44 IST" name="Default test" finished-at="2024-01-02T16:55:00 IST" duration-ms="16220">
      <class name="stepdefination.ScenarioOutlineCredentialRunner">
        <test-method is-config="true" signature="setUpClass()[pri:0, instance:stepdefination.ScenarioOutlineCredentialRunner@5afa3c9]" started-at="2024-01-02T16:54:44 IST" name="setUpClass" finished-at="2024-01-02T16:54:44 IST" duration-ms="297" status="PASS">
          <reporter-output>
          </reporter-output>
        </test-method> <!-- setUpClass -->
        <test-method signature="runScenario(io.cucumber.testng.PickleWrapper,io.cucumber.testng.FeatureWrapper)[pri:0, instance:stepdefination.ScenarioOutlineCredentialRunner@5afa3c9]" started-at="2024-01-02T16:54:44 IST" name="runScenario" description="Runs Cucumber Scenarios" data-provider="scenarios" finished-at="2024-01-02T16:55:00 IST" duration-ms="15845" status="FAIL">
          <params>
            <param index="0">
              <value>
                <![CDATA[""]]>
              </value>
            </param>
            <param index="1">
              <value>
                <![CDATA["Optional[Datatable validate using login credential]"]]>
              </value>
            </param>
          </params>
          <exception class="io.cucumber.core.exception.CucumberException">
            <message>
              <![CDATA[Step [user  {string}] is defined with 1 parameters at 'stepdefination.ScenarioOutlineCredentialStep.user(java.lang.String)'.
However, the gherkin step has 2 arguments:
 * "<password>"
 * Table:
      | username        | password |
      | dec07@gmail.com | Test@123 |
      | abc07@gmail.com | Pass@123 |
      | abc07@gmail.com | 123456   |

Step text: user  "<password>"]]>
            </message>
            <full-stacktrace>
              <![CDATA[io.cucumber.core.exception.CucumberException: Step [user  {string}] is defined with 1 parameters at 'stepdefination.ScenarioOutlineCredentialStep.user(java.lang.String)'.
However, the gherkin step has 2 arguments:
 * "<password>"
 * Table:
      | username        | password |
      | dec07@gmail.com | Test@123 |
      | abc07@gmail.com | Pass@123 |
      | abc07@gmail.com | 123456   |

Step text: user  "<password>"
at io.cucumber.core.runner.PickleStepDefinitionMatch.arityMismatch(PickleStepDefinitionMatch.java:83)
at io.cucumber.core.runner.PickleStepDefinitionMatch.runStep(PickleStepDefinitionMatch.java:42)
at io.cucumber.core.runner.ExecutionMode$1.execute(ExecutionMode.java:10)
at io.cucumber.core.runner.TestStep.executeStep(TestStep.java:92)
at io.cucumber.core.runner.TestStep.run(TestStep.java:64)
at io.cucumber.core.runner.PickleStepTestStep.run(PickleStepTestStep.java:51)
at io.cucumber.core.runner.TestCase.run(TestCase.java:104)
at io.cucumber.core.runner.Runner.runPickle(Runner.java:71)
at io.cucumber.testng.TestNGCucumberRunner.lambda$runScenario$0(TestNGCucumberRunner.java:116)
at io.cucumber.core.runtime.CucumberExecutionContext.runTestCase(CucumberExecutionContext.java:117)
at io.cucumber.testng.TestNGCucumberRunner.runScenario(TestNGCucumberRunner.java:113)
at io.cucumber.testng.AbstractTestNGCucumberTests.runScenario(AbstractTestNGCucumberTests.java:31)
at java.base/jdk.internal.reflect.NativeMethodAccessorImpl.invoke0(Native Method)
at java.base/jdk.internal.reflect.NativeMethodAccessorImpl.invoke(NativeMethodAccessorImpl.java:77)
at java.base/jdk.internal.reflect.DelegatingMethodAccessorImpl.invoke(DelegatingMethodAccessorImpl.java:43)
at java.base/java.lang.reflect.Method.invoke(Method.java:568)
at org.testng.internal.invokers.MethodInvocationHelper.invokeMethod(MethodInvocationHelper.java:139)
at org.testng.internal.invokers.TestInvoker.invokeMethod(TestInvoker.java:677)
at org.testng.internal.invokers.TestInvoker.invokeTestMethod(TestInvoker.java:221)
at org.testng.internal.invokers.MethodRunner.runInSequence(MethodRunner.java:50)
at org.testng.internal.invokers.TestInvoker$MethodInvocationAgent.invoke(TestInvoker.java:969)
at org.testng.internal.invokers.TestInvoker.invokeTestMethods(TestInvoker.java:194)
at org.testng.internal.invokers.TestMethodWorker.invokeTestMethods(TestMethodWorker.java:148)
at org.testng.internal.invokers.TestMethodWorker.run(TestMethodWorker.java:128)
at java.base/java.util.ArrayList.forEach(ArrayList.java:1511)
at org.testng.TestRunner.privateRun(TestRunner.java:829)
at org.testng.TestRunner.run(TestRunner.java:602)
at org.testng.SuiteRunner.runTest(SuiteRunner.java:437)
at org.testng.SuiteRunner.runSequentially(SuiteRunner.java:431)
at org.testng.SuiteRunner.privateRun(SuiteRunner.java:391)
at org.testng.SuiteRunner.run(SuiteRunner.java:330)
at org.testng.SuiteRunnerWorker.runSuite(SuiteRunnerWorker.java:52)
at org.testng.SuiteRunnerWorker.run(SuiteRunnerWorker.java:95)
at org.testng.TestNG.runSuitesSequentially(TestNG.java:1256)
at org.testng.TestNG.runSuitesLocally(TestNG.java:1176)
at org.testng.TestNG.runSuites(TestNG.java:1099)
at org.testng.TestNG.run(TestNG.java:1067)
at org.testng.remote.AbstractRemoteTestNG.run(AbstractRemoteTestNG.java:115)
at org.testng.remote.RemoteTestNG.initAndRun(RemoteTestNG.java:251)
at org.testng.remote.RemoteTestNG.main(RemoteTestNG.java:77)
]]>
            </full-stacktrace>
          </exception> <!-- io.cucumber.core.exception.CucumberException -->
          <reporter-output>
          </reporter-output>
        </test-method> <!-- runScenario -->
        <test-method is-config="true" signature="tearDownClass()[pri:0, instance:stepdefination.ScenarioOutlineCredentialRunner@5afa3c9]" started-at="2024-01-02T16:55:00 IST" name="tearDownClass" finished-at="2024-01-02T16:55:00 IST" duration-ms="14" status="PASS">
          <reporter-output>
          </reporter-output>
        </test-method> <!-- tearDownClass -->
      </class> <!-- stepdefination.ScenarioOutlineCredentialRunner -->
    </test> <!-- Default test -->
  </suite> <!-- Default suite -->
</testng-results>
